Determining if the pthread_create exist failed with the following output:
Change Dir: /home/rubens/code/docker/netconf/sysrepo/src/CMakeFiles/CMakeTmp

Run Build Command:"/usr/bin/gmake" "cmTC_ff48b/fast"
/usr/bin/gmake -f CMakeFiles/cmTC_ff48b.dir/build.make CMakeFiles/cmTC_ff48b.dir/build
gmake[1]: Entering directory '/home/rubens/code/docker/netconf/sysrepo/src/CMakeFiles/CMakeTmp'
Building C object CMakeFiles/cmTC_ff48b.dir/CheckSymbolExists.c.o
/usr/bin/cc   -Wall -Wextra    -o CMakeFiles/cmTC_ff48b.dir/CheckSymbolExists.c.o   -c /home/rubens/code/docker/netconf/sysrepo/src/CMakeFiles/CMakeTmp/CheckSymbolExists.c
Linking C executable cmTC_ff48b
/usr/bin/cmake -E cmake_link_script CMakeFiles/cmTC_ff48b.dir/link.txt --verbose=1
/usr/bin/cc  -Wall -Wextra     -rdynamic CMakeFiles/cmTC_ff48b.dir/CheckSymbolExists.c.o  -o cmTC_ff48b 
CMakeFiles/cmTC_ff48b.dir/CheckSymbolExists.c.o: In function `main':
CheckSymbolExists.c:(.text+0x16): undefined reference to `pthread_create'
collect2: error: ld returned 1 exit status
gmake[1]: *** [CMakeFiles/cmTC_ff48b.dir/build.make:98: cmTC_ff48b] Error 1
gmake[1]: Leaving directory '/home/rubens/code/docker/netconf/sysrepo/src/CMakeFiles/CMakeTmp'
gmake: *** [Makefile:126: cmTC_ff48b/fast] Error 2

File /home/rubens/code/docker/netconf/sysrepo/src/CMakeFiles/CMakeTmp/CheckSymbolExists.c:
/* */
#include <pthread.h>

int main(int argc, char** argv)
{
  (void)argv;
#ifndef pthread_create
  return ((int*)(&pthread_create))[argc];
#else
  (void)argc;
  return 0;
#endif
}

Determining if the function pthread_create exists in the pthreads failed with the following output:
Change Dir: /home/rubens/code/docker/netconf/sysrepo/src/CMakeFiles/CMakeTmp

Run Build Command:"/usr/bin/gmake" "cmTC_d7940/fast"
/usr/bin/gmake -f CMakeFiles/cmTC_d7940.dir/build.make CMakeFiles/cmTC_d7940.dir/build
gmake[1]: Entering directory '/home/rubens/code/docker/netconf/sysrepo/src/CMakeFiles/CMakeTmp'
Building C object CMakeFiles/cmTC_d7940.dir/CheckFunctionExists.c.o
/usr/bin/cc   -Wall -Wextra -DCHECK_FUNCTION_EXISTS=pthread_create   -o CMakeFiles/cmTC_d7940.dir/CheckFunctionExists.c.o   -c /usr/share/cmake/Modules/CheckFunctionExists.c
Linking C executable cmTC_d7940
/usr/bin/cmake -E cmake_link_script CMakeFiles/cmTC_d7940.dir/link.txt --verbose=1
/usr/bin/cc  -Wall -Wextra -DCHECK_FUNCTION_EXISTS=pthread_create    -rdynamic CMakeFiles/cmTC_d7940.dir/CheckFunctionExists.c.o  -o cmTC_d7940 -lpthreads 
/usr/bin/ld: cannot find -lpthreads
collect2: error: ld returned 1 exit status
gmake[1]: *** [CMakeFiles/cmTC_d7940.dir/build.make:98: cmTC_d7940] Error 1
gmake[1]: Leaving directory '/home/rubens/code/docker/netconf/sysrepo/src/CMakeFiles/CMakeTmp'
gmake: *** [Makefile:126: cmTC_d7940/fast] Error 2


