Determining if the pthread_create exist failed with the following output:
Change Dir: /opt/dev/netopeer-src/build/CMakeFiles/CMakeTmp

Run Build Command:"/usr/bin/make" "cmTC_ee42f/fast"
/usr/bin/make -f CMakeFiles/cmTC_ee42f.dir/build.make CMakeFiles/cmTC_ee42f.dir/build
make[1]: Entering directory '/opt/dev/netopeer-src/build/CMakeFiles/CMakeTmp'
Building C object CMakeFiles/cmTC_ee42f.dir/CheckSymbolExists.c.o
/usr/bin/cc    -Wall -Wextra    -o CMakeFiles/cmTC_ee42f.dir/CheckSymbolExists.c.o   -c /opt/dev/netopeer-src/build/CMakeFiles/CMakeTmp/CheckSymbolExists.c
Linking C executable cmTC_ee42f
/usr/bin/cmake -E cmake_link_script CMakeFiles/cmTC_ee42f.dir/link.txt --verbose=1
/usr/bin/cc   -Wall -Wextra     CMakeFiles/cmTC_ee42f.dir/CheckSymbolExists.c.o  -o cmTC_ee42f -rdynamic 
CMakeFiles/cmTC_ee42f.dir/CheckSymbolExists.c.o: In function `main':
CheckSymbolExists.c:(.text+0x16): undefined reference to `pthread_create'
collect2: error: ld returned 1 exit status
CMakeFiles/cmTC_ee42f.dir/build.make:97: recipe for target 'cmTC_ee42f' failed
make[1]: *** [cmTC_ee42f] Error 1
make[1]: Leaving directory '/opt/dev/netopeer-src/build/CMakeFiles/CMakeTmp'
Makefile:126: recipe for target 'cmTC_ee42f/fast' failed
make: *** [cmTC_ee42f/fast] Error 2

File /opt/dev/netopeer-src/build/CMakeFiles/CMakeTmp/CheckSymbolExists.c:
/* */
#include <pthread.h>

int main(int argc, char** argv)
{
  (void)argv;
#ifndef pthread_create
  return ((int*)(&pthread_create))[argc];
#else
  (void)argc;
  return 0;
#endif
}

Determining if the function pthread_create exists in the pthreads failed with the following output:
Change Dir: /opt/dev/netopeer-src/build/CMakeFiles/CMakeTmp

Run Build Command:"/usr/bin/make" "cmTC_99e11/fast"
/usr/bin/make -f CMakeFiles/cmTC_99e11.dir/build.make CMakeFiles/cmTC_99e11.dir/build
make[1]: Entering directory '/opt/dev/netopeer-src/build/CMakeFiles/CMakeTmp'
Building C object CMakeFiles/cmTC_99e11.dir/CheckFunctionExists.c.o
/usr/bin/cc    -Wall -Wextra -DCHECK_FUNCTION_EXISTS=pthread_create   -o CMakeFiles/cmTC_99e11.dir/CheckFunctionExists.c.o   -c /usr/share/cmake-3.5/Modules/CheckFunctionExists.c
Linking C executable cmTC_99e11
/usr/bin/cmake -E cmake_link_script CMakeFiles/cmTC_99e11.dir/link.txt --verbose=1
/usr/bin/cc   -Wall -Wextra -DCHECK_FUNCTION_EXISTS=pthread_create    CMakeFiles/cmTC_99e11.dir/CheckFunctionExists.c.o  -o cmTC_99e11 -rdynamic -lpthreads 
/usr/bin/ld: cannot find -lpthreads
collect2: error: ld returned 1 exit status
CMakeFiles/cmTC_99e11.dir/build.make:97: recipe for target 'cmTC_99e11' failed
make[1]: *** [cmTC_99e11] Error 1
make[1]: Leaving directory '/opt/dev/netopeer-src/build/CMakeFiles/CMakeTmp'
Makefile:126: recipe for target 'cmTC_99e11/fast' failed
make: *** [cmTC_99e11/fast] Error 2


Determining if the function pthread_rwlockattr_setkind_np exists failed with the following output:
Change Dir: /opt/dev/netopeer-src/build/CMakeFiles/CMakeTmp

Run Build Command:"/usr/bin/make" "cmTC_83c1c/fast"
/usr/bin/make -f CMakeFiles/cmTC_83c1c.dir/build.make CMakeFiles/cmTC_83c1c.dir/build
make[1]: Entering directory '/opt/dev/netopeer-src/build/CMakeFiles/CMakeTmp'
Building C object CMakeFiles/cmTC_83c1c.dir/CheckFunctionExists.c.o
/usr/bin/cc    -Wall -Wextra -DCHECK_FUNCTION_EXISTS=pthread_rwlockattr_setkind_np -lpthread   -o CMakeFiles/cmTC_83c1c.dir/CheckFunctionExists.c.o   -c /usr/share/cmake-3.5/Modules/CheckFunctionExists.c
Linking C executable cmTC_83c1c
/usr/bin/cmake -E cmake_link_script CMakeFiles/cmTC_83c1c.dir/link.txt --verbose=1
/usr/bin/cc   -Wall -Wextra -DCHECK_FUNCTION_EXISTS=pthread_rwlockattr_setkind_np -lpthread    CMakeFiles/cmTC_83c1c.dir/CheckFunctionExists.c.o  -o cmTC_83c1c -rdynamic 
CMakeFiles/cmTC_83c1c.dir/CheckFunctionExists.c.o: In function `main':
CheckFunctionExists.c:(.text+0x15): undefined reference to `pthread_rwlockattr_setkind_np'
collect2: error: ld returned 1 exit status
CMakeFiles/cmTC_83c1c.dir/build.make:97: recipe for target 'cmTC_83c1c' failed
make[1]: *** [cmTC_83c1c] Error 1
make[1]: Leaving directory '/opt/dev/netopeer-src/build/CMakeFiles/CMakeTmp'
Makefile:126: recipe for target 'cmTC_83c1c/fast' failed
make: *** [cmTC_83c1c/fast] Error 2


